<?xml version="1.0" encoding="UTF-8"?>
<testng-results ignored="0" total="1" passed="1" failed="0" skipped="0">
  <reporter-output>
    <line>
      <![CDATA[Launching Browser]]>
    </line>
    <line>
      <![CDATA[clicking on gender button]]>
    </line>
    <line>
      <![CDATA[clicking on next button]]>
    </line>
    <line>
      <![CDATA[Handeling age dropdown]]>
    </line>
    <line>
      <![CDATA[Reading data from excelSheet]]>
    </line>
    <line>
      <![CDATA[clicking on next button]]>
    </line>
    <line>
      <![CDATA[Entering pin code]]>
    </line>
    <line>
      <![CDATA[Reading data from excelSheet]]>
    </line>
    <line>
      <![CDATA[Enter]]>
    </line>
    <line>
      <![CDATA[Reading data from excelSheet]]>
    </line>
    <line>
      <![CDATA[Enter]]>
    </line>
    <line>
      <![CDATA[TC validateTestPlansFromTextAndBanners execution is started]]>
    </line>
    <line>
      <![CDATA[Fetching number of results from text]]>
    </line>
    <line>
      <![CDATA[Fetching number of results from Banners]]>
    </line>
    <line>
      <![CDATA[TC is passed]]>
    </line>
    <line>
      <![CDATA[Take screenshot]]>
    </line>
    <line>
      <![CDATA[Saved screenshot atC:\Users\DELL\Desktop\ChaitaliTestingNotes\ScreenShotPracticeCF_TC555_2024.01.20.17.53.38.png]]>
    </line>
    <line>
      <![CDATA[TC validateTestPlansFromTextAndBanners is completed successfully]]>
    </line>
    <line>
      <![CDATA[Closing Browser]]>
    </line>
  </reporter-output>
  <suite started-at="2024-01-20T17:52:47 IST" name="Suite" finished-at="2024-01-20T17:53:44 IST" duration-ms="56571">
    <groups>
    </groups>
    <test started-at="2024-01-20T17:52:47 IST" name="Test" finished-at="2024-01-20T17:53:44 IST" duration-ms="56571">
      <class name="coverFoxTest.CF_TC555_Validate_search_results_for_healthcare_policies">
        <test-method is-config="true" signature="launchBrowser()[pri:0, instance:coverFoxTest.CF_TC555_Validate_search_results_for_healthcare_policies@54e1c68b]" started-at="2024-01-20T17:52:47 IST" name="launchBrowser" finished-at="2024-01-20T17:52:58 IST" duration-ms="10794" status="PASS">
          <reporter-output>
            <line>
              <![CDATA[Launching Browser]]>
            </line>
          </reporter-output>
        </test-method> <!-- launchBrowser -->
        <test-method is-config="true" signature="enterMemberDetails()[pri:0, instance:coverFoxTest.CF_TC555_Validate_search_results_for_healthcare_policies@54e1c68b]" started-at="2024-01-20T17:52:58 IST" name="enterMemberDetails" finished-at="2024-01-20T17:53:15 IST" duration-ms="16248" status="PASS">
          <reporter-output>
            <line>
              <![CDATA[clicking on gender button]]>
            </line>
            <line>
              <![CDATA[clicking on next button]]>
            </line>
            <line>
              <![CDATA[Handeling age dropdown]]>
            </line>
            <line>
              <![CDATA[Reading data from excelSheet]]>
            </line>
            <line>
              <![CDATA[clicking on next button]]>
            </line>
            <line>
              <![CDATA[Entering pin code]]>
            </line>
            <line>
              <![CDATA[Reading data from excelSheet]]>
            </line>
            <line>
              <![CDATA[Enter]]>
            </line>
            <line>
              <![CDATA[Reading data from excelSheet]]>
            </line>
            <line>
              <![CDATA[Enter]]>
            </line>
          </reporter-output>
        </test-method> <!-- enterMemberDetails -->
        <test-method signature="validateTestPlansFromTextAndBanners()[pri:0, instance:coverFoxTest.CF_TC555_Validate_search_results_for_healthcare_policies@54e1c68b]" started-at="2024-01-20T17:53:15 IST" name="validateTestPlansFromTextAndBanners" finished-at="2024-01-20T17:53:38 IST" duration-ms="23506" status="PASS">
          <reporter-output>
            <line>
              <![CDATA[TC validateTestPlansFromTextAndBanners execution is started]]>
            </line>
            <line>
              <![CDATA[Fetching number of results from text]]>
            </line>
            <line>
              <![CDATA[Fetching number of results from Banners]]>
            </line>
            <line>
              <![CDATA[TC is passed]]>
            </line>
            <line>
              <![CDATA[Take screenshot]]>
            </line>
            <line>
              <![CDATA[Saved screenshot atC:\Users\DELL\Desktop\ChaitaliTestingNotes\ScreenShotPracticeCF_TC555_2024.01.20.17.53.38.png]]>
            </line>
            <line>
              <![CDATA[TC validateTestPlansFromTextAndBanners is completed successfully]]>
            </line>
          </reporter-output>
        </test-method> <!-- validateTestPlansFromTextAndBanners -->
        <test-method is-config="true" signature="closeBrowser()[pri:0, instance:coverFoxTest.CF_TC555_Validate_search_results_for_healthcare_policies@54e1c68b]" started-at="2024-01-20T17:53:38 IST" name="closeBrowser" finished-at="2024-01-20T17:53:44 IST" duration-ms="5827" status="PASS">
          <reporter-output>
            <line>
              <![CDATA[Closing Browser]]>
            </line>
          </reporter-output>
        </test-method> <!-- closeBrowser -->
      </class> <!-- coverFoxTest.CF_TC555_Validate_search_results_for_healthcare_policies -->
    </test> <!-- Test -->
  </suite> <!-- Suite -->
</testng-results>
